This is XeTeX, Version 3.141592653-2.6-0.999993 (TeX Live 2021/W32TeX) (preloaded format=xelatex 2023.1.16)  25 MAY 2024 13:07
entering extended mode
 restricted \write18 enabled.
 %&-line parsing enabled.
**TableOFgenData.tex
(./TableOFgenData.tex
LaTeX2e <2020-10-01> patch level 4
L3 programming layer <2021-02-18>

! LaTeX Error: Environment table* undefined.

See the LaTeX manual or LaTeX Companion for explanation.
Type  H <return>  for immediate help.
 ...                                              
                                                  
l.1 \begin{table*}
                  %[]
Your command was ignored.
Type  I <command> <return>  to replace it with another command,
or  <return>  to continue without it.


! LaTeX Error: \caption outside float.

See the LaTeX manual or LaTeX Companion for explanation.
Type  H <return>  for immediate help.
 ...                                              
                                                  
l.2 \caption
            {پارامترهای تولید داده}
You're in trouble here.  Try typing  <return>  to proceed.
If that doesn't work, type  X <return>  to quit.


! LaTeX Error: Missing \begin{document}.

See the LaTeX manual or LaTeX Companion for explanation.
Type  H <return>  for immediate help.
 ...                                              
                                                  
l.2 \caption{پ
              ارامترهای تولید داده}
You're in trouble here.  Try typing  <return>  to proceed.
If that doesn't work, type  X <return>  to quit.

Missing character: There is no پ ("67E) in font nullfont!
Missing character: There is no ا ("627) in font nullfont!
Missing character: There is no ر ("631) in font nullfont!
Missing character: There is no ا ("627) in font nullfont!
Missing character: There is no م ("645) in font nullfont!
Missing character: There is no ت ("62A) in font nullfont!
Missing character: There is no ر ("631) in font nullfont!
Missing character: There is no ه ("647) in font nullfont!
Missing character: There is no ا ("627) in font nullfont!
Missing character: There is no ی ("6CC) in font nullfont!
Missing character: There is no ت ("62A) in font nullfont!
Missing character: There is no و ("648) in font nullfont!
Missing character: There is no ل ("644) in font nullfont!
Missing character: There is no ی ("6CC) in font nullfont!
Missing character: There is no د ("62F) in font nullfont!
Missing character: There is no د ("62F) in font nullfont!
Missing character: There is no ا ("627) in font nullfont!
Missing character: There is no د ("62F) in font nullfont!
Missing character: There is no ه ("647) in font nullfont!
LaTeX Font Info:    External font `cmex10' loaded for size
(Font)              <7> on input line 3.
LaTeX Font Info:    External font `cmex10' loaded for size
(Font)              <5> on input line 3.
Missing character: There is no پ ("67E) in font nullfont!
Missing character: There is no ا ("627) in font nullfont!
Missing character: There is no ر ("631) in font nullfont!
Missing character: There is no ا ("627) in font nullfont!
Missing character: There is no م ("645) in font nullfont!
Missing character: There is no ت ("62A) in font nullfont!
Missing character: There is no ر ("631) in font nullfont!
Missing character: There is no ‌ ("200C) in font nullfont!
Missing character: There is no ه ("647) in font nullfont!
Missing character: There is no ا ("627) in font nullfont!
Missing character: There is no ی ("6CC) in font nullfont!
Missing character: There is no د ("62F) in font nullfont!
Missing character: There is no ا ("627) in font nullfont!
Missing character: There is no د ("62F) in font nullfont!
Missing character: There is no ه ("647) in font nullfont!
Missing character: There is no ت ("62A) in font nullfont!
Missing character: There is no و ("648) in font nullfont!
Missing character: There is no ض ("636) in font nullfont!
Missing character: There is no ی ("6CC) in font nullfont!
Missing character: There is no ح ("62D) in font nullfont!
Missing character: There is no ا ("627) in font nullfont!
Missing character: There is no ت ("62A) in font nullfont!
Missing character: There is no س ("633) in font nullfont!
Missing character: There is no ر ("631) in font nullfont!
Missing character: There is no ع ("639) in font nullfont!
Missing character: There is no ت ("62A) in font nullfont!
Missing character: There is no ب ("628) in font nullfont!
Missing character: There is no ا ("627) in font nullfont!
Missing character: There is no د ("62F) in font nullfont!
Missing character: There is no م ("645) in font nullfont!
Missing character: There is no ق ("642) in font nullfont!
Missing character: There is no د ("62F) in font nullfont!
Missing character: There is no ا ("627) in font nullfont!
Missing character: There is no ر ("631) in font nullfont!
Missing character: There is no ی ("6CC) in font nullfont!
Missing character: There is no ب ("628) in font nullfont!
Missing character: There is no ی ("6CC) in font nullfont!
Missing character: There is no ن ("646) in font nullfont!
Missing character: There is no ۱ ("6F1) in font nullfont!
Missing character: There is no ت ("62A) in font nullfont!
Missing character: There is no ا ("627) in font nullfont!
Missing character: There is no ۲ ("6F2) in font nullfont!
Missing character: There is no ۱ ("6F1) in font nullfont!
Missing character: There is no ک ("6A9) in font nullfont!
Missing character: There is no ی ("6CC) in font nullfont!
Missing character: There is no ل ("644) in font nullfont!
Missing character: There is no و ("648) in font nullfont!
Missing character: There is no م ("645) in font nullfont!
Missing character: There is no ت ("62A) in font nullfont!
Missing character: There is no ر ("631) in font nullfont!
Missing character: There is no ز ("632) in font nullfont!
Missing character: There is no ا ("627) in font nullfont!
Missing character: There is no و ("648) in font nullfont!
Missing character: There is no ی ("6CC) in font nullfont!
Missing character: There is no ه ("647) in font nullfont!
Missing character: There is no و ("648) in font nullfont!
Missing character: There is no ز ("632) in font nullfont!
Missing character: There is no ش ("634) in font nullfont!
Missing character: There is no ب ("628) in font nullfont!
Missing character: There is no ا ("627) in font nullfont!
Missing character: There is no د ("62F) in font nullfont!
Missing character: There is no م ("645) in font nullfont!
Missing character: There is no ق ("642) in font nullfont!
Missing character: There is no د ("62F) in font nullfont!
Missing character: There is no ا ("627) in font nullfont!
Missing character: There is no ر ("631) in font nullfont!
Missing character: There is no ی ("6CC) in font nullfont!
Missing character: There is no ب ("628) in font nullfont!
Missing character: There is no ی ("6CC) in font nullfont!
Missing character: There is no ن ("646) in font nullfont!
Missing character: There is no ۰ ("6F0) in font nullfont!
Missing character: There is no ت ("62A) in font nullfont!
Missing character: There is no ا ("627) in font nullfont!
Missing character: There is no ۳ ("6F3) in font nullfont!
Missing character: There is no ۶ ("6F6) in font nullfont!
Missing character: There is no ۰ ("6F0) in font nullfont!
Missing character: There is no د ("62F) in font nullfont!
Missing character: There is no ر ("631) in font nullfont!
Missing character: There is no ج ("62C) in font nullfont!
Missing character: There is no ه ("647) in font nullfont!
Missing character: There is no ظ ("638) in font nullfont!
Missing character: There is no ر ("631) in font nullfont!
Missing character: There is no ف ("641) in font nullfont!
Missing character: There is no ی ("6CC) in font nullfont!
Missing character: There is no ت ("62A) in font nullfont!
Missing character: There is no ه ("647) in font nullfont!
Missing character: There is no ر ("631) in font nullfont!
Missing character: There is no پ ("67E) in font nullfont!
Missing character: There is no ه ("647) in font nullfont!
Missing character: There is no پ ("67E) in font nullfont!
Missing character: There is no ا ("627) in font nullfont!
Missing character: There is no د ("62F) in font nullfont!
Missing character: There is no م ("645) in font nullfont!
Missing character: There is no ق ("642) in font nullfont!
Missing character: There is no د ("62F) in font nullfont!
Missing character: There is no ا ("627) in font nullfont!
Missing character: There is no ر ("631) in font nullfont!
Missing character: There is no ی ("6CC) in font nullfont!
Missing character: There is no ب ("628) in font nullfont!
Missing character: There is no ی ("6CC) in font nullfont!
Missing character: There is no ن ("646) in font nullfont!
Missing character: There is no ۴ ("6F4) in font nullfont!
Missing character: There is no ۰ ("6F0) in font nullfont!
Missing character: There is no ۰ ("6F0) in font nullfont!
Missing character: There is no ت ("62A) in font nullfont!
Missing character: There is no ا ("627) in font nullfont!
Missing character: There is no ۶ ("6F6) in font nullfont!
Missing character: There is no ۰ ("6F0) in font nullfont!
Missing character: There is no ۰ ("6F0) in font nullfont!
Missing character: There is no م ("645) in font nullfont!
Missing character: There is no گ ("6AF) in font nullfont!
Missing character: There is no ا ("627) in font nullfont!
Missing character: There is no ب ("628) in font nullfont!
Missing character: There is no ا ("627) in font nullfont!
Missing character: There is no ی ("6CC) in font nullfont!
Missing character: There is no ت ("62A) in font nullfont!
Missing character: There is no ش ("634) in font nullfont!
Missing character: There is no ع ("639) in font nullfont!
Missing character: There is no ا ("627) in font nullfont!
Missing character: There is no ع ("639) in font nullfont!
Missing character: There is no ت ("62A) in font nullfont!
Missing character: There is no ح ("62D) in font nullfont!
Missing character: There is no ت ("62A) in font nullfont!
Missing character: There is no پ ("67E) in font nullfont!
Missing character: There is no و ("648) in font nullfont!
Missing character: There is no ش ("634) in font nullfont!
Missing character: There is no ش ("634) in font nullfont!
Missing character: There is no پ ("67E) in font nullfont!
Missing character: There is no ه ("647) in font nullfont!
Missing character: There is no پ ("67E) in font nullfont!
Missing character: There is no ا ("627) in font nullfont!
Missing character: There is no د ("62F) in font nullfont!
Missing character: There is no م ("645) in font nullfont!
Missing character: There is no ق ("642) in font nullfont!
Missing character: There is no د ("62F) in font nullfont!
Missing character: There is no ا ("627) in font nullfont!
Missing character: There is no ر ("631) in font nullfont!
Missing character: There is no ی ("6CC) in font nullfont!
Missing character: There is no ب ("628) in font nullfont!
Missing character: There is no ی ("6CC) in font nullfont!
Missing character: There is no ن ("646) in font nullfont!
Missing character: There is no ۴ ("6F4) in font nullfont!
Missing character: There is no ۰ ("6F0) in font nullfont!
Missing character: There is no ۰ ("6F0) in font nullfont!
Missing character: There is no ت ("62A) in font nullfont!
Missing character: There is no ا ("627) in font nullfont!
Missing character: There is no ۵ ("6F5) in font nullfont!
Missing character: There is no ۰ ("6F0) in font nullfont!
Missing character: There is no ۰ ("6F0) in font nullfont!
Missing character: There is no م ("645) in font nullfont!
Missing character: There is no ت ("62A) in font nullfont!
Missing character: There is no ر ("631) in font nullfont!
Missing character: There is no د ("62F) in font nullfont!
Missing character: There is no ا ("627) in font nullfont!
Missing character: There is no د ("62F) in font nullfont!
Missing character: There is no ه ("647) in font nullfont!
Missing character: There is no م ("645) in font nullfont!
Missing character: There is no و ("648) in font nullfont!
Missing character: There is no ر ("631) in font nullfont!
Missing character: There is no د ("62F) in font nullfont!
Missing character: There is no ن ("646) in font nullfont!
Missing character: There is no ی ("6CC) in font nullfont!
Missing character: There is no ا ("627) in font nullfont!
Missing character: There is no ز ("632) in font nullfont!
Missing character: There is no ه ("647) in font nullfont!
Missing character: There is no ر ("631) in font nullfont!
Missing character: There is no ک ("6A9) in font nullfont!
Missing character: There is no ا ("627) in font nullfont!
Missing character: There is no ر ("631) in font nullfont!
Missing character: There is no ب ("628) in font nullfont!
Missing character: There is no ر ("631) in font nullfont!
Missing character: There is no م ("645) in font nullfont!
Missing character: There is no ق ("642) in font nullfont!
Missing character: There is no د ("62F) in font nullfont!
Missing character: There is no ا ("627) in font nullfont!
Missing character: There is no ر ("631) in font nullfont!
Missing character: There is no ی ("6CC) in font nullfont!
Missing character: There is no ب ("628) in font nullfont!
Missing character: There is no ی ("6CC) in font nullfont!
Missing character: There is no ن ("646) in font nullfont!
Missing character: There is no ۱ ("6F1) in font nullfont!
Missing character: There is no ۰ ("6F0) in font nullfont!
Missing character: There is no ۰ ("6F0) in font nullfont!
Missing character: There is no ت ("62A) in font nullfont!
Missing character: There is no ا ("627) in font nullfont!
Missing character: There is no ۲ ("6F2) in font nullfont!
Missing character: There is no ۰ ("6F0) in font nullfont!
Missing character: There is no ۰ ("6F0) in font nullfont!
Missing character: There is no م ("645) in font nullfont!
Missing character: There is no گ ("6AF) in font nullfont!
Missing character: There is no ا ("627) in font nullfont!
Missing character: There is no ب ("628) in font nullfont!
Missing character: There is no ا ("627) in font nullfont!
Missing character: There is no ی ("6CC) in font nullfont!
Missing character: There is no ت ("62A) in font nullfont!
Missing character: There is no م ("645) in font nullfont!
Missing character: There is no خ ("62E) in font nullfont!
Missing character: There is no ت ("62A) in font nullfont!
Missing character: There is no ص ("635) in font nullfont!
Missing character: There is no ا ("627) in font nullfont!
Missing character: There is no ت ("62A) in font nullfont!
Missing character: There is no م ("645) in font nullfont!
Missing character: There is no ح ("62D) in font nullfont!
Missing character: There is no و ("648) in font nullfont!
Missing character: There is no ر ("631) in font nullfont!
Missing character: There is no ا ("627) in font nullfont!
Missing character: There is no ی ("6CC) in font nullfont!
Missing character: There is no ک ("6A9) in font nullfont!
Missing character: There is no س ("633) in font nullfont!
Missing character: There is no ک ("6A9) in font nullfont!
Missing character: There is no ا ("627) in font nullfont!
Missing character: There is no ر ("631) in font nullfont!
Missing character: There is no ب ("628) in font nullfont!
Missing character: There is no ر ("631) in font nullfont!
Missing character: There is no ا ("627) in font nullfont!
Missing character: There is no ن ("646) in font nullfont!
Missing character: There is no م ("645) in font nullfont!
Missing character: There is no ق ("642) in font nullfont!
Missing character: There is no د ("62F) in font nullfont!
Missing character: There is no ا ("627) in font nullfont!
Missing character: There is no ر ("631) in font nullfont!
Missing character: There is no ی ("6CC) in font nullfont!
Missing character: There is no ب ("628) in font nullfont!
Missing character: There is no ی ("6CC) in font nullfont!
Missing character: There is no ن ("646) in font nullfont!
Missing character: There is no ۰ ("6F0) in font nullfont!
Missing character: There is no ت ("62A) in font nullfont!
Missing character: There is no ا ("627) in font nullfont!
Missing character: There is no ۲ ("6F2) in font nullfont!
Missing character: There is no ۰ ("6F0) in font nullfont!
Missing character: There is no ۰ ("6F0) in font nullfont!
Missing character: There is no ۰ ("6F0) in font nullfont!
Missing character: There is no م ("645) in font nullfont!
Missing character: There is no ت ("62A) in font nullfont!
Missing character: There is no ر ("631) in font nullfont!
Missing character: There is no م ("645) in font nullfont!
Missing character: There is no خ ("62E) in font nullfont!
Missing character: There is no ت ("62A) in font nullfont!
Missing character: There is no ص ("635) in font nullfont!
Missing character: There is no ا ("627) in font nullfont!
Missing character: There is no ت ("62A) in font nullfont!
Missing character: There is no م ("645) in font nullfont!
Missing character: There is no ح ("62D) in font nullfont!
Missing character: There is no و ("648) in font nullfont!
Missing character: There is no ر ("631) in font nullfont!
Missing character: There is no و ("648) in font nullfont!
Missing character: There is no ا ("627) in font nullfont!
Missing character: There is no ی ("6CC) in font nullfont!
Missing character: There is no ک ("6A9) in font nullfont!
Missing character: There is no ا ("627) in font nullfont!
Missing character: There is no ر ("631) in font nullfont!
Missing character: There is no ب ("628) in font nullfont!
Missing character: There is no ر ("631) in font nullfont!
Missing character: There is no ا ("627) in font nullfont!
Missing character: There is no ن ("646) in font nullfont!
Missing character: There is no م ("645) in font nullfont!
Missing character: There is no ق ("642) in font nullfont!
Missing character: There is no د ("62F) in font nullfont!
Missing character: There is no ا ("627) in font nullfont!
Missing character: There is no ر ("631) in font nullfont!
Missing character: There is no ی ("6CC) in font nullfont!
Missing character: There is no ب ("628) in font nullfont!
Missing character: There is no ی ("6CC) in font nullfont!
Missing character: There is no ن ("646) in font nullfont!
Missing character: There is no ۰ ("6F0) in font nullfont!
Missing character: There is no ت ("62A) in font nullfont!
Missing character: There is no ا ("627) in font nullfont!
Missing character: There is no ۲ ("6F2) in font nullfont!
Missing character: There is no ۰ ("6F0) in font nullfont!
Missing character: There is no ۰ ("6F0) in font nullfont!
Missing character: There is no ۰ ("6F0) in font nullfont!
Missing character: There is no م ("645) in font nullfont!
Missing character: There is no ت ("62A) in font nullfont!
Missing character: There is no ر ("631) in font nullfont!
Missing character: There is no ش ("634) in font nullfont!
Missing character: There is no ن ("646) in font nullfont!
Missing character: There is no ا ("627) in font nullfont!
Missing character: There is no س ("633) in font nullfont!
Missing character: There is no ه ("647) in font nullfont!
Missing character: There is no پ ("67E) in font nullfont!
Missing character: There is no ه ("647) in font nullfont!
Missing character: There is no پ ("67E) in font nullfont!
Missing character: There is no ا ("627) in font nullfont!
Missing character: There is no د ("62F) in font nullfont!
Missing character: There is no ‌ ("200C) in font nullfont!
Missing character: There is no ه ("647) in font nullfont!
Missing character: There is no ا ("627) in font nullfont!
Missing character: There is no ش ("634) in font nullfont!
Missing character: There is no ن ("646) in font nullfont!
Missing character: There is no ا ("627) in font nullfont!
Missing character: There is no س ("633) in font nullfont!
Missing character: There is no ه ("647) in font nullfont!
Missing character: There is no ک ("6A9) in font nullfont!
Missing character: There is no ا ("627) in font nullfont!
Missing character: There is no ر ("631) in font nullfont!
Missing character: There is no ب ("628) in font nullfont!
Missing character: There is no ر ("631) in font nullfont!
Missing character: There is no ا ("627) in font nullfont!
Missing character: There is no ن ("646) in font nullfont!
Missing character: There is no م ("645) in font nullfont!
Missing character: There is no ج ("62C) in font nullfont!
Missing character: There is no م ("645) in font nullfont!
Missing character: There is no و ("648) in font nullfont!
Missing character: There is no ع ("639) in font nullfont!
Missing character: There is no ه ("647) in font nullfont!
Missing character: There is no پ ("67E) in font nullfont!
Missing character: There is no ه ("647) in font nullfont!
Missing character: There is no پ ("67E) in font nullfont!
Missing character: There is no ا ("627) in font nullfont!
Missing character: There is no د ("62F) in font nullfont!
Missing character: There is no ، ("60C) in font nullfont!
Missing character: There is no ک ("6A9) in font nullfont!
Missing character: There is no ا ("627) in font nullfont!
Missing character: There is no ر ("631) in font nullfont!
Missing character: There is no ب ("628) in font nullfont!
Missing character: There is no ر ("631) in font nullfont!
Missing character: There is no ا ("627) in font nullfont!
Missing character: There is no ن ("646) in font nullfont!
Missing character: There is no و ("648) in font nullfont!
Missing character: There is no ز ("632) in font nullfont!
Missing character: There is no م ("645) in font nullfont!
Missing character: There is no ا ("627) in font nullfont!
Missing character: There is no ن ("646) in font nullfont!
Missing character: There is no , ("2C) in font nullfont!
Missing character: There is no , ("2C) in font nullfont!
Missing character: There is no ح ("62D) in font nullfont!
Missing character: There is no د ("62F) in font nullfont!
Missing character: There is no ا ("627) in font nullfont!
Missing character: There is no ق ("642) in font nullfont!
Missing character: There is no ل ("644) in font nullfont!
Missing character: There is no و ("648) in font nullfont!
Missing character: There is no ح ("62D) in font nullfont!
Missing character: There is no د ("62F) in font nullfont!
Missing character: There is no ا ("627) in font nullfont!
Missing character: There is no ک ("6A9) in font nullfont!
Missing character: There is no ث ("62B) in font nullfont!
Missing character: There is no ر ("631) in font nullfont!
Missing character: There is no م ("645) in font nullfont!
Missing character: There is no ح ("62D) in font nullfont!
Missing character: There is no د ("62F) in font nullfont!
Missing character: There is no و ("648) in font nullfont!
Missing character: There is no د ("62F) in font nullfont!
Missing character: There is no ه ("647) in font nullfont!
Missing character: There is no م ("645) in font nullfont!
Missing character: There is no ج ("62C) in font nullfont!
Missing character: There is no ا ("627) in font nullfont!
Missing character: There is no ز ("632) in font nullfont!
Missing character: There is no م ("645) in font nullfont!
Missing character: There is no س ("633) in font nullfont!
Missing character: There is no ا ("627) in font nullfont!
Missing character: There is no ح ("62D) in font nullfont!
Missing character: There is no ت ("62A) in font nullfont!
Missing character: There is no ک ("6A9) in font nullfont!
Missing character: There is no ه ("647) in font nullfont!
Missing character: There is no ب ("628) in font nullfont!
Missing character: There is no ر ("631) in font nullfont!
Missing character: There is no ا ("627) in font nullfont!
Missing character: There is no ی ("6CC) in font nullfont!
Missing character: There is no ه ("647) in font nullfont!
Missing character: There is no م ("645) in font nullfont!
Missing character: There is no ه ("647) in font nullfont!
Missing character: There is no آ ("622) in font nullfont!
Missing character: There is no ز ("632) in font nullfont!
Missing character: There is no م ("645) in font nullfont!
Missing character: There is no ا ("627) in font nullfont!
Missing character: There is no ی ("6CC) in font nullfont!
Missing character: There is no ش ("634) in font nullfont!
Missing character: There is no ه ("647) in font nullfont!
Missing character: There is no ا ("627) in font nullfont!
Missing character: There is no ی ("6CC) in font nullfont!
Missing character: There is no ک ("6A9) in font nullfont!
Missing character: There is no س ("633) in font nullfont!
Missing character: There is no ا ("627) in font nullfont!
Missing character: There is no ن ("646) in font nullfont!
Missing character: There is no ا ("627) in font nullfont!
Missing character: There is no س ("633) in font nullfont!
Missing character: There is no ت ("62A) in font nullfont!

! LaTeX Error: \begin{document} ended by \end{table*}.

See the LaTeX manual or LaTeX Companion for explanation.
Type  H <return>  for immediate help.
 ...                                              
                                                  
l.19 \end{table*}
                 
Your command was ignored.
Type  I <command> <return>  to replace it with another command,
or  <return>  to continue without it.

)
! Emergency stop.
<*> TableOFgenData.tex
                      
*** (job aborted, no legal \end found)

 
Here is how much of TeX's memory you used:
 18 strings out of 476919
 362 string characters out of 5825424
 294906 words of memory out of 5000000
 20122 multiletter control sequences out of 15000+600000
 403430 words of font info for 27 fonts, out of 8000000 for 9000
 1348 hyphenation exceptions out of 8191
 19i,9n,15p,218b,93s stack positions out of 5000i,500n,10000p,200000b,80000s
No pages of output.
