\BOOKMARK [1][-]{section.1}{مقدمه}{}% 1
\BOOKMARK [1][-]{section.2}{بخش‌بندی مقاله}{}% 2
\BOOKMARK [2][-]{subsection.2.1}{ویژگی­های عنوان و نویسندگان مقاله}{section.2}% 3
\BOOKMARK [2][-]{subsection.2.2}{ویژگی­های چكیده و كلمات كلیدی}{section.2}% 4
\BOOKMARK [2][-]{subsection.2.3}{ویژگی­های مقدمه}{section.2}% 5
\BOOKMARK [2][-]{subsection.2.4}{ویژگی‌های بخش مروری بر کارهای پیشین}{section.2}% 6
\BOOKMARK [2][-]{subsection.2.5}{ویژگی متن اصلی مقاله}{section.2}% 7
\BOOKMARK [3][-]{subsubsection.2.5.1}{ویژگی‌های بخش پیش‌نیازها}{subsection.2.5}% 8
\BOOKMARK [3][-]{subsubsection.2.5.2}{ویژگی‌های بخش مدل سامانه و فرضیات}{subsection.2.5}% 9
\BOOKMARK [3][-]{subsubsection.2.5.3}{ویژگی بخش روش پیشنهادی}{subsection.2.5}% 10
\BOOKMARK [3][-]{subsubsection.2.5.4}{ویژگی‌های بخش تحلیل و ارزیابی}{subsection.2.5}% 11
\BOOKMARK [2][-]{subsection.2.6}{ویژگی‌های بخش شبیه‌سازی}{section.2}% 12
\BOOKMARK [2][-]{subsection.2.7}{ویژگی‌های بخش نتیجه‌گیری}{section.2}% 13
\BOOKMARK [2][-]{subsection.2.8}{ویژگی بخش پیوست‌ها}{section.2}% 14
\BOOKMARK [1][-]{section.3}{قواعد نگارشی}{}% 15
\BOOKMARK [2][-]{subsection.3.1}{علامت‌گذاری}{section.3}% 16
\BOOKMARK [2][-]{subsection.3.2}{املا}{section.3}% 17
\BOOKMARK [2][-]{subsection.3.3}{شكل‌ها و جدول­ها}{section.3}% 18
\BOOKMARK [2][-]{subsection.3.4}{ فرمول‌ها و عبارات ریاضی}{section.3}% 19
\BOOKMARK [1][-]{section.4}{نکاتی در مورد نوشتن مقاله با LaTeX}{}% 20
\BOOKMARK [1][-]{section.5}{نتیجه گیری}{}% 21
