\BOOKMARK [0][-]{section*.5}{فهرست اشکال}{}% 1
\BOOKMARK [0][-]{section*.7}{فهرست جداول}{}% 2
\BOOKMARK [0][-]{section*.9}{فهرست اختصارات}{}% 3
\BOOKMARK [0][-]{chapter.1}{فصل     مقدمه}{}% 4
\BOOKMARK [1][-]{section.1.1}{از امنیت تا حریم‌خصوصی زمانی و آماری}{chapter.1}% 5
\BOOKMARK [1][-]{section.1.2}{کاربردهای حریم‌خصوصی زمانی و آماری}{chapter.1}% 6
\BOOKMARK [2][-]{subsection.1.2.1}{حریم خصوصی کاربر در حوزه طبقه‌بندی ترافیک}{section.1.2}% 7
\BOOKMARK [2][-]{subsection.1.2.2}{حریم‌خصوصی زمانی و آماری در شبکه‌های حسگر بی‌سیم}{section.1.2}% 8
\BOOKMARK [2][-]{subsection.1.2.3}{حریم‌خصوصی زمانی و آماری در WBAN}{section.1.2}% 9
\BOOKMARK [2][-]{subsection.1.2.4}{تشخیص ناهنجاری}{section.1.2}% 10
\BOOKMARK [1][-]{section.1.3}{نوآوری‌ها}{chapter.1}% 11
\BOOKMARK [1][-]{section.1.4}{ساختار رساله}{chapter.1}% 12
\BOOKMARK [0][-]{chapter.2}{فصل     کارهای پیشین}{}% 13
\BOOKMARK [1][-]{section.2.1}{حریم‌خصوصی زمانی و آماری}{chapter.2}% 14
\BOOKMARK [0][-]{chapter.3}{فصل     حفظ حریم خصوصی نرخ}{}% 15
\BOOKMARK [1][-]{section.3.1}{مثال انگیزه‌بخش}{chapter.3}% 16
\BOOKMARK [1][-]{section.3.2}{مدل سامانه}{chapter.3}% 17
\BOOKMARK [0][-]{chapter.4}{فصل     حفظ حریم خصوصی ویژگی‌ها}{}% 18
\BOOKMARK [1][-]{section.4.1}{انگیزه}{chapter.4}% 19
\BOOKMARK [0][-]{chapter.5}{فصل     حریم خصوصی در سامانه‌های ذخیره‌سازی}{}% 20
\BOOKMARK [1][-]{section.5.1}{مثال انگیزه‌بخش}{chapter.5}% 21
\BOOKMARK [1][-]{section.5.2}{نوآوری‌ها}{chapter.5}% 22
\BOOKMARK [1][-]{section.5.3}{مدل سامانه}{chapter.5}% 23
\BOOKMARK [1][-]{section.5.4}{روش پیشنهادی}{chapter.5}% 24
\BOOKMARK [1][-]{section.5.5}{شبیه‌سازی و تحلیل عددی}{chapter.5}% 25
\BOOKMARK [0][-]{chapter.6}{فصل     حریم خصوصی در شبکه‌های WBSN}{}% 26
\BOOKMARK [1][-]{section.6.1}{مثال انگیزش‌بخش}{chapter.6}% 27
\BOOKMARK [0][-]{chapter.7}{فصل     نتیجه‌گیری و کارهای آینده}{}% 28
\BOOKMARK [1][-]{section.7.1}{نتیجه‌گیری}{chapter.7}% 29
\BOOKMARK [0][-]{appendix.Alph1}{پیوست     اثبات قضایا و لم‌ها}{}% 30
\BOOKMARK [1][-]{appendix.Alph1.1}{اثبات ??}{appendix.Alph1}% 31
\BOOKMARK [0][-]{section*.18}{مراجع}{}% 32
\BOOKMARK [0][-]{section*.20}{واژه نامه انگلیسی به فارسی}{}% 33
\BOOKMARK [0][-]{section*.23}{واژه نامه فارسی به انگلیسی}{}% 34
\BOOKMARK [0][-]{section*.26}{نمایه}{}% 35
