mktextfm Zar/OT
mktextfm Zar/OT
mktextfm Zar/OT
mktextfm Zar/BI/OT
mktextfm Zar/OT
mktextfm Zar/B/OT
mktextfm Zar/OT
mktextfm Zar/I/OT
mktextfm Zar/OT
mktextfm Zar/OT
mktextfm Zar/OT
mktextfm Zar/OT
mktextfm Zar/OT
mktextfm Zar/BI/OT
mktextfm Zar/OT
mktextfm Zar/B/OT
mktextfm Zar/OT
mktextfm Zar/I/OT
mktextfm Zar/OT
mktextfm Zar/OT
mktextfm Titr/OT
mktextfm Titr/OT
mktextfm Titr/OT
mktextfm Titr/BI/OT
mktextfm Titr/OT
mktextfm Titr/B/OT
mktextfm Titr/OT
mktextfm Titr/I/OT
mktextfm Titr/OT
mktextfm Titr/OT
mktextfm Titr/OT
mktextfm Titr/OT
mktextfm Titr/OT
mktextfm Titr/BI/OT
mktextfm Titr/OT
mktextfm Titr/B/OT
mktextfm Titr/OT
mktextfm Titr/I/OT
mktextfm Titr/OT
mktextfm Titr/OT
mktextfm Zar/OT
mktextfm Zar/OT
mktextfm Zar/OT
mktextfm Zar/BI/OT
mktextfm Zar/OT
mktextfm Zar/B/OT
mktextfm Zar/OT
mktextfm Zar/I/OT
mktextfm Zar/OT
mktextfm Zar/OT
mktextfm Zar/OT
mktextfm Zar/OT
mktextfm Zar/OT
mktextfm Zar/BI/OT
mktextfm Zar/OT
mktextfm Zar/B/OT
mktextfm Zar/OT
mktextfm Zar/I/OT
mktextfm Zar/OT
mktextfm Zar/OT
mktextfm Titr/OT
mktextfm Titr/OT
mktextfm Titr/OT
mktextfm Titr/BI/OT
mktextfm Titr/OT
mktextfm Titr/B/OT
mktextfm Titr/OT
mktextfm Titr/I/OT
mktextfm Titr/OT
mktextfm Titr/OT
mktextfm Titr/OT
mktextfm Titr/OT
mktextfm Titr/OT
mktextfm Titr/BI/OT
mktextfm Titr/OT
mktextfm Titr/B/OT
mktextfm Titr/OT
mktextfm Titr/I/OT
mktextfm Titr/OT
mktextfm Titr/OT
mktextfm Zar/OT
mktextfm Zar/OT
mktextfm Zar/OT
mktextfm Zar/BI/OT
mktextfm Zar/OT
mktextfm Zar/B/OT
mktextfm Zar/OT
mktextfm Zar/I/OT
mktextfm Zar/OT
mktextfm Zar/OT
mktextfm Zar/OT
mktextfm Zar/OT
mktextfm Zar/OT
mktextfm Zar/BI/OT
mktextfm Zar/OT
mktextfm Zar/B/OT
mktextfm Zar/OT
mktextfm Zar/I/OT
mktextfm Zar/OT
mktextfm Zar/OT
mktextfm Titr/OT
mktextfm Titr/OT
mktextfm Titr/OT
mktextfm Titr/BI/OT
mktextfm Titr/OT
mktextfm Titr/B/OT
mktextfm Titr/OT
mktextfm Titr/I/OT
mktextfm Titr/OT
mktextfm Titr/OT
mktextfm Titr/OT
mktextfm Titr/OT
mktextfm Titr/OT
mktextfm Titr/BI/OT
mktextfm Titr/OT
mktextfm Titr/B/OT
mktextfm Titr/OT
mktextfm Titr/I/OT
mktextfm Titr/OT
mktextfm Titr/OT
mktextfm Titr/OT
mktextfm Titr/OT
mktextfm Titr/OT
mktextfm Titr/BI/OT
mktextfm Titr/OT
mktextfm Titr/B/OT
mktextfm Titr/OT
mktextfm Titr/I/OT
mktextfm Titr/OT
mktextfm Titr/OT
mktextfm Titr/OT
mktextfm Titr/OT
mktextfm Titr/OT
mktextfm Titr/BI/OT
mktextfm Titr/OT
mktextfm Titr/B/OT
mktextfm Titr/OT
mktextfm Titr/I/OT
mktextfm Titr/OT
mktextfm Titr/OT
