\BOOKMARK [0][-]{section*.4}{\376\377\006\101\006\107\006\061\006\063\006\052\000\040\006\047\006\064\006\251\006\047\006\104}{}% 1
\BOOKMARK [0][-]{section*.6}{\376\377\006\101\006\107\006\061\006\063\006\052\000\040\006\054\006\057\006\047\006\110\006\104}{}% 2
\BOOKMARK [0][-]{section*.8}{\376\377\006\101\006\107\006\061\006\063\006\052\000\040\006\047\006\056\006\052\006\065\006\047\006\061\006\047\006\052}{}% 3
\BOOKMARK [0][-]{chapter.1}{\376\377\006\101\006\065\006\104\000\040\000\040\000\040\000\040\000\040\006\105\006\102\006\057\006\105\006\107}{}% 4
\BOOKMARK [1][-]{section.1.1}{\376\377\006\067\006\061\006\055\000\040\006\105\006\063\006\046\006\104\006\107}{chapter.1}% 5
\BOOKMARK [1][-]{section.1.2}{\376\377\006\206\006\047\006\104\006\064\040\014\006\107\006\047\000\040\006\110\000\040\006\047\006\106\006\257\006\314\006\062\006\107}{chapter.1}% 6
\BOOKMARK [1][-]{section.1.3}{\376\377\006\106\006\110\006\042\006\110\006\061\006\314\040\014\006\107\006\047}{chapter.1}% 7
\BOOKMARK [1][-]{section.1.4}{\376\377\006\063\006\047\006\056\006\052\006\047\006\061\000\040\006\257\006\062\006\047\006\061\006\064}{chapter.1}% 8
\BOOKMARK [0][-]{chapter.2}{\376\377\006\101\006\065\006\104\000\040\000\040\000\040\000\040\000\040\006\105\006\101\006\047\006\107\006\314\006\105\000\040\006\176\006\047\006\314\006\107\040\014\006\047\006\314}{}% 9
\BOOKMARK [1][-]{section.2.1}{\376\377\006\105\006\071\006\105\006\047\006\061\006\314\000\040\000U\000E\000\040\006\057\006\061\000\040\006\064\006\050\006\251\006\107\040\014\006\107\006\047\006\314\000\040\006\052\006\104\006\101\006\106\040\014\006\107\006\105\006\061\006\047\006\107}{chapter.2}% 10
\BOOKMARK [0][-]{chapter.3}{\376\377\006\101\006\065\006\104\000\040\000\040\000\040\000\040\000\040\006\105\006\061\006\110\006\061\006\314\000\040\006\050\006\061\000\040\006\251\006\047\006\061\006\107\006\047\006\314\000\040\006\176\006\314\006\064\006\314\006\106}{}% 11
\BOOKMARK [1][-]{section.3.1}{\376\377\006\050\006\107\006\314\006\106\006\107\040\014\006\063\006\047\006\062\006\314\000\040\006\105\006\063\006\314\006\061}{chapter.3}% 12
\BOOKMARK [1][-]{section.3.2}{\376\377\006\055\006\104\000\040\006\105\006\064\006\251\006\104\006\047\006\052}{chapter.3}% 13
\BOOKMARK [0][-]{chapter.4}{\376\377\006\101\006\065\006\104\000\040\000\040\000\040\000\040\000\040\006\064\006\061\006\055\000\040\006\061\006\110\006\064\000\040\006\176\006\314\006\064\006\106\006\107\006\047\006\057\006\314}{}% 14
\BOOKMARK [1][-]{section.4.1}{\376\377\006\105\006\057\006\104\000\040\006\063\006\047\006\105\006\047\006\106\006\107\000\040\006\110\000\040\006\101\006\061\006\066\006\314\006\047\006\052}{chapter.4}% 15
\BOOKMARK [1][-]{section.4.2}{\376\377\006\052\006\064\006\061\006\314\006\055\000\040\006\061\006\110\006\064\000\040\006\176\006\314\006\064\006\106\006\107\006\047\006\057\006\314}{chapter.4}% 16
\BOOKMARK [0][-]{chapter.5}{\376\377\006\101\006\065\006\104\000\040\000\040\000\040\000\040\000\040\006\064\006\050\006\314\006\107\040\014\006\063\006\047\006\062\006\314}{}% 17
\BOOKMARK [1][-]{section.5.1}{\376\377\006\110\006\047\006\061\006\057\000\040\006\251\006\061\006\057\006\106\000\040\006\251\006\057\000\040\006\057\006\061\000\040\006\105\006\052\006\106}{chapter.5}% 18
\BOOKMARK [0][-]{chapter.6}{\376\377\006\101\006\065\006\104\000\040\000\040\000\040\000\040\000\040\006\106\006\052\006\314\006\054\006\107\040\014\006\257\006\314\006\061\006\314\000\040\006\110\000\040\006\251\006\047\040\014\006\061\040\014\006\107\006\047\006\314\000\040\006\042\006\314\006\106\006\057\006\107}{}% 19
\BOOKMARK [1][-]{section.6.1}{\376\377\006\106\006\052\006\314\006\054\006\107\040\014\006\257\006\314\006\061\006\314}{chapter.6}% 20
\BOOKMARK [1][-]{section.6.2}{\376\377\006\251\006\047\006\061\006\107\006\047\006\314\000\040\006\042\006\314\006\106\006\057\006\107}{chapter.6}% 21
\BOOKMARK [0][-]{section*.15}{\376\377\006\105\006\061\006\047\006\054\006\071}{}% 22
\BOOKMARK [0][-]{section*.17}{\376\377\006\110\006\047\006\230\006\107\000\040\006\106\006\047\006\105\006\107\000\040\006\047\006\106\006\257\006\104\006\314\006\063\006\314\000\040\006\050\006\107\000\040\006\101\006\047\006\061\006\063\006\314}{}% 23
\BOOKMARK [0][-]{section*.20}{\376\377\006\110\006\047\006\230\006\107\000\040\006\106\006\047\006\105\006\107\000\040\006\101\006\047\006\061\006\063\006\314\000\040\006\050\006\107\000\040\006\047\006\106\006\257\006\104\006\314\006\063\006\314}{}% 24
\BOOKMARK [0][-]{section*.23}{\376\377\006\106\006\105\006\047\006\314\006\107}{}% 25
